<?xml version="1.0" encoding="UTF-8"?>
<!-- Generated by org.testng.reporters.JUnitXMLReporter -->
<testsuite ignored="2" hostname="BLR135CG14834VT" failures="3" tests="13" name="Test" time="64.893" errors="0" timestamp="2025-07-16T22:21:05 IST">
  <testcase classname="Amazon_webpage_TestCase_Testing.Regression_serach" name="landingSearchpage_lego" time="6.508"/>
  <testcase classname="Amazon_webpage_TestCase_Testing.Regression_serach" name="get_DDS_filter" time="4.315"/>
  <testcase classname="Amazon_webpage_TestCase_Testing.Regression_serach" name="get_SSD_filter" time="5.162"/>
  <testcase classname="Amazon_webpage_TestCase_Testing.Regression_Detail" name="detailpage__Above_SSD_msg" time="6.918"/>
  <testcase classname="Amazon_webpage_TestCase_Testing.Regression_Detail" name="detailpage_SSD_msg_after_increase_quantity" time="1.222"/>
  <testcase classname="Amazon_webpage_TestCase_Testing.Regression_Detail" name="detailpage_SSD_msg_after_decrease_quantity" time="0.96"/>
  <testcase classname="Amazon_webpage_TestCase_Testing.Regression_Detail" name="detailpage_addtoCart" time="3.082"/>
  <testcase classname="Amazon_webpage_TestCase_Testing.Regression_Detail" name="detailpage_Buy_now" time="10.574">
    <failure type="org.openqa.selenium.TimeoutException" message="Expected condition failed: waiting for visibility of element located by By.xpath: //input[@id=&amp;apos;buy-now-button&amp;apos;] (tried for 10 second(s) with 500 milliseconds interval)
Build info: version: &amp;apos;4.31.0&amp;apos;, revision: &amp;apos;4ae8fc9f8a&amp;apos;
System info: os.name: &amp;apos;Windows 10&amp;apos;, os.arch: &amp;apos;amd64&amp;apos;, os.version: &amp;apos;10.0&amp;apos;, java.version: &amp;apos;24.0.1&amp;apos;
Driver info: org.openqa.selenium.chrome.ChromeDriver
Capabilities {acceptInsecureCerts: false, browserName: chrome, browserVersion: 138.0.7204.101, chrome: {chromedriverVersion: 138.0.7204.157 (e533e98b126..., userDataDir: C:\Users\loreswai\AppData\L...}, fedcm:accounts: true, goog:chromeOptions: {debuggerAddress: localhost:59593}, networkConnectionEnabled: false, pageLoadStrategy: normal, platformName: windows, proxy: Proxy(), se:cdp: ws://localhost:59593/devtoo..., se:cdpVersion: 138.0.7204.101, setWindowRect: true, strictFileInteractability: false, timeouts: {implicit: 0, pageLoad: 300000, script: 30000}, unhandledPromptBehavior: dismiss and notify, webauthn:extension:credBlob: true, webauthn:extension:largeBlob: true, webauthn:extension:minPinLength: true, webauthn:extension:prf: true, webauthn:virtualAuthenticators: true}
Session ID: 2578cb149215faab20b50fe5c85d26f7">
      <![CDATA[org.openqa.selenium.TimeoutException: Expected condition failed: waiting for visibility of element located by By.xpath: //input[@id='buy-now-button'] (tried for 10 second(s) with 500 milliseconds interval)
Build info: version: '4.31.0', revision: '4ae8fc9f8a'
System info: os.name: 'Windows 10', os.arch: 'amd64', os.version: '10.0', java.version: '24.0.1'
Driver info: org.openqa.selenium.chrome.ChromeDriver
Capabilities {acceptInsecureCerts: false, browserName: chrome, browserVersion: 138.0.7204.101, chrome: {chromedriverVersion: 138.0.7204.157 (e533e98b126..., userDataDir: C:\Users\loreswai\AppData\L...}, fedcm:accounts: true, goog:chromeOptions: {debuggerAddress: localhost:59593}, networkConnectionEnabled: false, pageLoadStrategy: normal, platformName: windows, proxy: Proxy(), se:cdp: ws://localhost:59593/devtoo..., se:cdpVersion: 138.0.7204.101, setWindowRect: true, strictFileInteractability: false, timeouts: {implicit: 0, pageLoad: 300000, script: 30000}, unhandledPromptBehavior: dismiss and notify, webauthn:extension:credBlob: true, webauthn:extension:largeBlob: true, webauthn:extension:minPinLength: true, webauthn:extension:prf: true, webauthn:virtualAuthenticators: true}
Session ID: 2578cb149215faab20b50fe5c85d26f7
at org.openqa.selenium.support.ui.WebDriverWait.timeoutException(WebDriverWait.java:84)
at org.openqa.selenium.support.ui.FluentWait.until(FluentWait.java:228)
at amazon_webpage_testing.DetailPage.Buy_Now(DetailPage.java:134)
at Amazon_webpage_TestCase_Testing.Regression_Detail.detailpage_Buy_now(Regression_Detail.java:50)
at java.base/java.util.ArrayList.forEach(ArrayList.java:1604)
... Removed 25 stack frames]]>
    </failure>
  </testcase> <!-- detailpage_Buy_now -->
  <testcase classname="Amazon_webpage_TestCase_Testing.Regression_Detail" name="detailpage_Below_SSD_msg" time="10.327"/>
  <testcase classname="Amazon_webpage_TestCase_Testing.Regression_Detail" name="detailpage_belowTo_Above_after_increase_quantity" time="0.661"/>
  <testcase classname="Amazon_webpage_TestCase_Testing.Regression_Detail" name="detailpage_aboveTo_Below_SSD_msg_after_decrease_quantity" time="1.335">
    <failure type="org.openqa.selenium.ElementClickInterceptedException" message="element click intercepted: Element &amp;lt;span class=&amp;quot;a-dropdown-label&amp;quot;&amp;gt;...&amp;lt;/span&amp;gt; is not clickable at point (1188, 570). Other element would receive the click: &amp;lt;a tabindex=&amp;quot;-1&amp;quot; href=&amp;quot;javascript:void(0)&amp;quot; aria-hidden=&amp;quot;true&amp;quot; data-value=&amp;quot;{&amp;amp;quot;stringVal&amp;amp;quot;:&amp;amp;quot;5&amp;amp;quot;}&amp;quot; id=&amp;quot;quantity_4&amp;quot; class=&amp;quot;a-dropdown-link&amp;quot;&amp;gt;...&amp;lt;/a&amp;gt;
  (Session info: chrome=138.0.7204.101)
Build info: version: &amp;apos;4.31.0&amp;apos;, revision: &amp;apos;4ae8fc9f8a&amp;apos;
System info: os.name: &amp;apos;Windows 10&amp;apos;, os.arch: &amp;apos;amd64&amp;apos;, os.version: &amp;apos;10.0&amp;apos;, java.version: &amp;apos;24.0.1&amp;apos;
Driver info: org.openqa.selenium.chrome.ChromeDriver
Command: [2578cb149215faab20b50fe5c85d26f7, clickElement {id=f.0B4960E9AE4DC061443D009988E67158.d.66641ED118D95AE49303CC1924CC9A7E.e.1427}]
Capabilities {acceptInsecureCerts: false, browserName: chrome, browserVersion: 138.0.7204.101, chrome: {chromedriverVersion: 138.0.7204.157 (e533e98b126..., userDataDir: C:\Users\loreswai\AppData\L...}, fedcm:accounts: true, goog:chromeOptions: {debuggerAddress: localhost:59593}, networkConnectionEnabled: false, pageLoadStrategy: normal, platformName: windows, proxy: Proxy(), se:cdp: ws://localhost:59593/devtoo..., se:cdpVersion: 138.0.7204.101, setWindowRect: true, strictFileInteractability: false, timeouts: {implicit: 0, pageLoad: 300000, script: 30000}, unhandledPromptBehavior: dismiss and notify, webauthn:extension:credBlob: true, webauthn:extension:largeBlob: true, webauthn:extension:minPinLength: true, webauthn:extension:prf: true, webauthn:virtualAuthenticators: true}
Element: [[ChromeDriver: chrome on windows (2578cb149215faab20b50fe5c85d26f7)] -&amp;gt; xpath: (//span[contains(text(),&amp;apos;Quantity&amp;apos;)])[1]]
Session ID: 2578cb149215faab20b50fe5c85d26f7">
      <![CDATA[org.openqa.selenium.ElementClickInterceptedException: element click intercepted: Element <span class="a-dropdown-label">...</span> is not clickable at point (1188, 570). Other element would receive the click: <a tabindex="-1" href="javascript:void(0)" aria-hidden="true" data-value="{&quot;stringVal&quot;:&quot;5&quot;}" id="quantity_4" class="a-dropdown-link">...</a>
  (Session info: chrome=138.0.7204.101)
Build info: version: '4.31.0', revision: '4ae8fc9f8a'
System info: os.name: 'Windows 10', os.arch: 'amd64', os.version: '10.0', java.version: '24.0.1'
Driver info: org.openqa.selenium.chrome.ChromeDriver
Command: [2578cb149215faab20b50fe5c85d26f7, clickElement {id=f.0B4960E9AE4DC061443D009988E67158.d.66641ED118D95AE49303CC1924CC9A7E.e.1427}]
Capabilities {acceptInsecureCerts: false, browserName: chrome, browserVersion: 138.0.7204.101, chrome: {chromedriverVersion: 138.0.7204.157 (e533e98b126..., userDataDir: C:\Users\loreswai\AppData\L...}, fedcm:accounts: true, goog:chromeOptions: {debuggerAddress: localhost:59593}, networkConnectionEnabled: false, pageLoadStrategy: normal, platformName: windows, proxy: Proxy(), se:cdp: ws://localhost:59593/devtoo..., se:cdpVersion: 138.0.7204.101, setWindowRect: true, strictFileInteractability: false, timeouts: {implicit: 0, pageLoad: 300000, script: 30000}, unhandledPromptBehavior: dismiss and notify, webauthn:extension:credBlob: true, webauthn:extension:largeBlob: true, webauthn:extension:minPinLength: true, webauthn:extension:prf: true, webauthn:virtualAuthenticators: true}
Element: [[ChromeDriver: chrome on windows (2578cb149215faab20b50fe5c85d26f7)] -> xpath: (//span[contains(text(),'Quantity')])[1]]
Session ID: 2578cb149215faab20b50fe5c85d26f7
at org.openqa.selenium.remote.ErrorCodec.decode(ErrorCodec.java:167)
at org.openqa.selenium.remote.codec.w3c.W3CHttpResponseCodec.decode(W3CHttpResponseCodec.java:138)
at org.openqa.selenium.remote.codec.w3c.W3CHttpResponseCodec.decode(W3CHttpResponseCodec.java:50)
at org.openqa.selenium.remote.HttpCommandExecutor.execute(HttpCommandExecutor.java:215)
at org.openqa.selenium.remote.service.DriverCommandExecutor.invokeExecute(DriverCommandExecutor.java:216)
at org.openqa.selenium.remote.service.DriverCommandExecutor.execute(DriverCommandExecutor.java:174)
at org.openqa.selenium.remote.RemoteWebDriver.execute(RemoteWebDriver.java:545)
at org.openqa.selenium.remote.RemoteWebElement.execute(RemoteWebElement.java:223)
at org.openqa.selenium.remote.RemoteWebElement.click(RemoteWebElement.java:76)
at amazon_webpage_testing.DetailPage.increaseQuantity(DetailPage.java:142)
at Amazon_webpage_TestCase_Testing.Regression_Detail.detailpage_aboveTo_Below_SSD_msg_after_decrease_quantity(Regression_Detail.java:76)
at java.base/java.util.ArrayList.forEach(ArrayList.java:1604)
... Removed 28 stack frames]]>
    </failure>
  </testcase> <!-- detailpage_aboveTo_Below_SSD_msg_after_decrease_quantity -->
  <testcase classname="Amazon_webpage_TestCase_Testing.Regression_Detail" name="detailpage_BelowFST_addtoCart" time="0.324"/>
  <testcase classname="Amazon_webpage_TestCase_Testing.Regression_Detail" name="detailpage_BelowFST_Buy_now" time="13.114">
    <failure type="org.openqa.selenium.TimeoutException" message="Expected condition failed: waiting for visibility of element located by By.xpath: //input[@id=&amp;apos;buy-now-button&amp;apos;] (tried for 10 second(s) with 500 milliseconds interval)
Build info: version: &amp;apos;4.31.0&amp;apos;, revision: &amp;apos;4ae8fc9f8a&amp;apos;
System info: os.name: &amp;apos;Windows 10&amp;apos;, os.arch: &amp;apos;amd64&amp;apos;, os.version: &amp;apos;10.0&amp;apos;, java.version: &amp;apos;24.0.1&amp;apos;
Driver info: org.openqa.selenium.chrome.ChromeDriver
Capabilities {acceptInsecureCerts: false, browserName: chrome, browserVersion: 138.0.7204.101, chrome: {chromedriverVersion: 138.0.7204.157 (e533e98b126..., userDataDir: C:\Users\loreswai\AppData\L...}, fedcm:accounts: true, goog:chromeOptions: {debuggerAddress: localhost:59593}, networkConnectionEnabled: false, pageLoadStrategy: normal, platformName: windows, proxy: Proxy(), se:cdp: ws://localhost:59593/devtoo..., se:cdpVersion: 138.0.7204.101, setWindowRect: true, strictFileInteractability: false, timeouts: {implicit: 0, pageLoad: 300000, script: 30000}, unhandledPromptBehavior: dismiss and notify, webauthn:extension:credBlob: true, webauthn:extension:largeBlob: true, webauthn:extension:minPinLength: true, webauthn:extension:prf: true, webauthn:virtualAuthenticators: true}
Session ID: 2578cb149215faab20b50fe5c85d26f7">
      <![CDATA[org.openqa.selenium.TimeoutException: Expected condition failed: waiting for visibility of element located by By.xpath: //input[@id='buy-now-button'] (tried for 10 second(s) with 500 milliseconds interval)
Build info: version: '4.31.0', revision: '4ae8fc9f8a'
System info: os.name: 'Windows 10', os.arch: 'amd64', os.version: '10.0', java.version: '24.0.1'
Driver info: org.openqa.selenium.chrome.ChromeDriver
Capabilities {acceptInsecureCerts: false, browserName: chrome, browserVersion: 138.0.7204.101, chrome: {chromedriverVersion: 138.0.7204.157 (e533e98b126..., userDataDir: C:\Users\loreswai\AppData\L...}, fedcm:accounts: true, goog:chromeOptions: {debuggerAddress: localhost:59593}, networkConnectionEnabled: false, pageLoadStrategy: normal, platformName: windows, proxy: Proxy(), se:cdp: ws://localhost:59593/devtoo..., se:cdpVersion: 138.0.7204.101, setWindowRect: true, strictFileInteractability: false, timeouts: {implicit: 0, pageLoad: 300000, script: 30000}, unhandledPromptBehavior: dismiss and notify, webauthn:extension:credBlob: true, webauthn:extension:largeBlob: true, webauthn:extension:minPinLength: true, webauthn:extension:prf: true, webauthn:virtualAuthenticators: true}
Session ID: 2578cb149215faab20b50fe5c85d26f7
at org.openqa.selenium.support.ui.WebDriverWait.timeoutException(WebDriverWait.java:84)
at org.openqa.selenium.support.ui.FluentWait.until(FluentWait.java:228)
at amazon_webpage_testing.DetailPage.Buy_Now(DetailPage.java:134)
at Amazon_webpage_TestCase_Testing.Regression_Detail.detailpage_BelowFST_Buy_now(Regression_Detail.java:92)
at java.base/java.util.ArrayList.forEach(ArrayList.java:1604)
... Removed 25 stack frames]]>
    </failure>
  </testcase> <!-- detailpage_BelowFST_Buy_now -->
  <testcase classname="Amazon_webpage_TestCase_Testing.BaseTest" name="@AfterSuite tearDown" time="0.0">
    <ignored/>
  </testcase> <!-- @AfterSuite tearDown -->
  <testcase classname="Amazon_webpage_TestCase_Testing.BaseTest" name="@BeforeSuite setup" time="0.0">
    <ignored/>
  </testcase> <!-- @BeforeSuite setup -->
</testsuite> <!-- Test -->
